<?xml version="1.0" encoding="UTF-8"?>
<!-- Generated by org.testng.reporters.JUnitXMLReporter -->
<testsuite ignored="0" hostname="sanchari" failures="0" tests="3" name="Default test" time="27.897" errors="0" timestamp="2025-08-22T09:38:39 IST">
  <testcase classname="Pack1.Lab15_csvparameter" name="f" time="3.24"/>
  <testcase classname="Pack1.Lab15_csvparameter" name="f" time="3.176"/>
  <testcase classname="Pack1.Lab15_csvparameter" name="f" time="3.192"/>
</testsuite> <!-- Default test -->
