<?xml version="1.0" encoding="UTF-8"?>
<!-- Generated by org.testng.reporters.JUnitXMLReporter -->
<testsuite ignored="0" hostname="sanchari" failures="0" tests="3" name="Default test" time="23.131" errors="0" timestamp="2025-08-21T13:20:29 IST">
  <testcase classname="Pack1.Tc012_testng_pagefactoryexceldata" name="f" time="2.239"/>
  <testcase classname="Pack1.Tc012_testng_pagefactoryexceldata" name="f" time="2.2"/>
  <testcase classname="Pack1.Tc012_testng_pagefactoryexceldata" name="f" time="2.165"/>
</testsuite> <!-- Default test -->
