<?xml version="1.0" encoding="UTF-8"?>
<testng-results ignored="0" total="2" passed="2" failed="0" skipped="0">
  <reporter-output>
  </reporter-output>
  <suite started-at="2025-08-20T10:13:24 IST" name="Default suite" finished-at="2025-08-20T10:13:40 IST" duration-ms="15545">
    <groups>
    </groups>
    <test started-at="2025-08-20T10:13:24 IST" name="Default test" finished-at="2025-08-20T10:13:40 IST" duration-ms="15545">
      <class name="Pack1.Tc012_for_pom">
        <test-method is-config="true" signature="beforeSuite()[pri:0, instance:Pack1.Tc012_for_pom@2362f559]" started-at="2025-08-20T10:13:24 IST" name="beforeSuite" finished-at="2025-08-20T10:13:24 IST" duration-ms="12" status="PASS">
          <reporter-output>
          </reporter-output>
        </test-method> <!-- beforeSuite -->
        <test-method is-config="true" signature="beforeTest()[pri:0, instance:Pack1.Tc012_for_pom@2362f559]" started-at="2025-08-20T10:13:24 IST" name="beforeTest" finished-at="2025-08-20T10:13:24 IST" duration-ms="0" status="PASS">
          <reporter-output>
          </reporter-output>
        </test-method> <!-- beforeTest -->
        <test-method is-config="true" signature="beforeClass()[pri:0, instance:Pack1.Tc012_for_pom@2362f559]" started-at="2025-08-20T10:13:24 IST" name="beforeClass" finished-at="2025-08-20T10:13:24 IST" duration-ms="0" status="PASS">
          <reporter-output>
          </reporter-output>
        </test-method> <!-- beforeClass -->
        <test-method is-config="true" signature="beforeMethod()[pri:0, instance:Pack1.Tc012_for_pom@2362f559]" started-at="2025-08-20T10:13:24 IST" name="beforeMethod" finished-at="2025-08-20T10:13:29 IST" duration-ms="5065" status="PASS">
          <reporter-output>
          </reporter-output>
        </test-method> <!-- beforeMethod -->
        <test-method signature="f(java.lang.String,java.lang.String)[pri:0, instance:Pack1.Tc012_for_pom@2362f559]" started-at="2025-08-20T10:13:29 IST" name="f" data-provider="dp" finished-at="2025-08-20T10:13:33 IST" duration-ms="3166" status="PASS">
          <params>
            <param index="0">
              <value>
                <![CDATA[Admin]]>
              </value>
            </param>
            <param index="1">
              <value>
                <![CDATA[admin123]]>
              </value>
            </param>
          </params>
          <reporter-output>
          </reporter-output>
        </test-method> <!-- f -->
        <test-method is-config="true" signature="afterMethod()[pri:0, instance:Pack1.Tc012_for_pom@2362f559]" started-at="2025-08-20T10:13:33 IST" name="afterMethod" finished-at="2025-08-20T10:13:33 IST" duration-ms="160" status="PASS">
          <reporter-output>
          </reporter-output>
        </test-method> <!-- afterMethod -->
        <test-method is-config="true" signature="beforeMethod()[pri:0, instance:Pack1.Tc012_for_pom@2362f559]" started-at="2025-08-20T10:13:33 IST" name="beforeMethod" finished-at="2025-08-20T10:13:37 IST" duration-ms="3756" status="PASS">
          <reporter-output>
          </reporter-output>
        </test-method> <!-- beforeMethod -->
        <test-method signature="f(java.lang.String,java.lang.String)[pri:0, instance:Pack1.Tc012_for_pom@2362f559]" started-at="2025-08-20T10:13:37 IST" name="f" data-provider="dp" finished-at="2025-08-20T10:13:40 IST" duration-ms="3171" status="PASS">
          <params>
            <param index="0">
              <value>
                <![CDATA[pooja]]>
              </value>
            </param>
            <param index="1">
              <value>
                <![CDATA[admin123]]>
              </value>
            </param>
          </params>
          <reporter-output>
          </reporter-output>
        </test-method> <!-- f -->
        <test-method is-config="true" signature="afterMethod()[pri:0, instance:Pack1.Tc012_for_pom@2362f559]" started-at="2025-08-20T10:13:40 IST" name="afterMethod" finished-at="2025-08-20T10:13:40 IST" duration-ms="174" status="PASS">
          <reporter-output>
          </reporter-output>
        </test-method> <!-- afterMethod -->
        <test-method is-config="true" signature="afterClass()[pri:0, instance:Pack1.Tc012_for_pom@2362f559]" started-at="2025-08-20T10:13:40 IST" name="afterClass" finished-at="2025-08-20T10:13:40 IST" duration-ms="1" status="PASS">
          <reporter-output>
          </reporter-output>
        </test-method> <!-- afterClass -->
        <test-method is-config="true" signature="afterTest()[pri:0, instance:Pack1.Tc012_for_pom@2362f559]" started-at="2025-08-20T10:13:40 IST" name="afterTest" finished-at="2025-08-20T10:13:40 IST" duration-ms="0" status="PASS">
          <reporter-output>
          </reporter-output>
        </test-method> <!-- afterTest -->
      </class> <!-- Pack1.Tc012_for_pom -->
    </test> <!-- Default test -->
  </suite> <!-- Default suite -->
</testng-results>
